[debug] [2022-07-17T13:21:43.812Z] ----------------------------------------------------------------------
[debug] [2022-07-17T13:21:43.814Z] Command:       C:\Program Files\nodejs\node.exe C:\Users\manan\AppData\Roaming\npm\node_modules\firebase-tools\lib\bin\firebase.js init
[debug] [2022-07-17T13:21:43.814Z] CLI Version:   11.2.2
[debug] [2022-07-17T13:21:43.814Z] Platform:      win32
[debug] [2022-07-17T13:21:43.814Z] Node Version:  v18.6.0
[debug] [2022-07-17T13:21:43.815Z] Time:          Sun Jul 17 2022 18:51:43 GMT+0530 (India Standard Time)
[debug] [2022-07-17T13:21:43.815Z] ----------------------------------------------------------------------
[debug] 
[debug] [2022-07-17T13:21:43.822Z] > command requires scopes: ["email","openid","https://www.googleapis.com/auth/cloudplatformprojects.readonly","https://www.googleapis.com/auth/firebase","https://www.googleapis.com/auth/cloud-platform"]
[debug] [2022-07-17T13:21:43.823Z] > authorizing via signed-in user (manan228@gmail.com)
[info] 
     ######## #### ########  ######## ########     ###     ######  ########
     ##        ##  ##     ## ##       ##     ##  ##   ##  ##       ##
     ######    ##  ########  ######   ########  #########  ######  ######
     ##        ##  ##    ##  ##       ##     ## ##     ##       ## ##
     ##       #### ##     ## ######## ########  ##     ##  ######  ########

You're about to initialize a Firebase project in this directory:

  D:\Frontend_React\ecommerce

[info] 
=== Project Setup
[info] 
[info] First, let's associate this project directory with a Firebase project.
[info] You can create multiple project aliases by running firebase use --add, 
[info] but for now we'll just set up a default project.
[info] 
[debug] [2022-07-17T13:22:13.256Z] > refreshing access token with scopes: []
[debug] [2022-07-17T13:22:13.260Z] >>> [apiv2][query] POST https://www.googleapis.com/oauth2/v3/token [none]
[debug] [2022-07-17T13:22:13.260Z] >>> [apiv2][body] POST https://www.googleapis.com/oauth2/v3/token [omitted]
[debug] [2022-07-17T13:22:13.608Z] <<< [apiv2][status] POST https://www.googleapis.com/oauth2/v3/token 200
[debug] [2022-07-17T13:22:13.609Z] <<< [apiv2][body] POST https://www.googleapis.com/oauth2/v3/token [omitted]
[debug] [2022-07-17T13:22:13.622Z] >>> [apiv2][query] GET https://firebase.googleapis.com/v1beta1/projects pageSize=100
[debug] [2022-07-17T13:22:14.482Z] <<< [apiv2][status] GET https://firebase.googleapis.com/v1beta1/projects 200
[debug] [2022-07-17T13:22:14.482Z] <<< [apiv2][body] GET https://firebase.googleapis.com/v1beta1/projects [omitted]
[info] i  Using project ecommerce-sharpener (eCommerce Sharpener) 
[info] 
=== Hosting Setup
[info] 
[info] Your public directory is the folder (relative to your project directory) that
[info] will contain Hosting assets to be uploaded with firebase deploy. If you
[info] have a build process for your assets, use your build's output directory.
[info] 
